  Codility01.cpp
C:\Users\popo2\Documents\GitHub\CodingTest\Codility01\Codility01.cpp(28,38): warning C4267: '초기화 중': 'size_t'에서 'unsigned int'(으)로 변환하면서 데이터가 손실될 수 있습니다.
C:\Users\popo2\Documents\GitHub\CodingTest\Codility01\Codility01.cpp(51,21): warning C4244: '초기화 중': 'double'에서 'int'(으)로 변환하면서 데이터가 손실될 수 있습니다.
C:\Users\popo2\Documents\GitHub\CodingTest\Codility01\Codility01.cpp(135,35): warning C4267: '인수': 'size_t'에서 '_Ty'(으)로 변환하면서 데이터가 손실될 수 있습니다.
          with
          [
              _Ty=int
          ]
C:\Users\popo2\Documents\GitHub\CodingTest\Codility01\Codility01.cpp(165,12): warning C4267: '인수': 'size_t'에서 'const int'(으)로 변환하면서 데이터가 손실될 수 있습니다.
C:\Users\popo2\Documents\GitHub\CodingTest\Codility01\Codility01.cpp(182,19): warning C4267: 'return': 'size_t'에서 'int'(으)로 변환하면서 데이터가 손실될 수 있습니다.
C:\Users\popo2\Documents\GitHub\CodingTest\Codility01\Codility01.cpp(190,31): warning C4267: '초기화 중': 'size_t'에서 'int'(으)로 변환하면서 데이터가 손실될 수 있습니다.
C:\Users\popo2\Documents\GitHub\CodingTest\Codility01\Codility01.cpp(191,34): warning C4267: '초기화 중': 'size_t'에서 'int'(으)로 변환하면서 데이터가 손실될 수 있습니다.
C:\Users\popo2\Documents\GitHub\CodingTest\Codility01\Codility01.cpp(335,59): warning C4244: '=': 'int'에서 'float'(으)로 변환하면서 데이터가 손실될 수 있습니다.
C:\Users\popo2\Documents\GitHub\CodingTest\Codility01\Codility01.cpp(362,35): warning C4267: '=': 'size_t'에서 'int'(으)로 변환하면서 데이터가 손실될 수 있습니다.
C:\Users\popo2\Documents\GitHub\CodingTest\Codility01\Codility01.cpp(364,40): warning C4244: '인수': 'long'에서 'const _Elem'(으)로 변환하면서 데이터가 손실될 수 있습니다.
          with
          [
              _Elem=char
          ]
C:\Users\popo2\Documents\GitHub\CodingTest\Codility01\Codility01.cpp(389,16): warning C4244: 'return': 'double'에서 'int'(으)로 변환하면서 데이터가 손실될 수 있습니다.
C:\Users\popo2\Documents\GitHub\CodingTest\Codility01\Codility01.cpp(603,23): warning C4244: '=': 'double'에서 'int'(으)로 변환하면서 데이터가 손실될 수 있습니다.
C:\Program Files (x86)\Microsoft Visual Studio\2019\Community\VC\Tools\MSVC\14.29.30133\include\utility(249,16): warning C4244: '초기화 중': '_Ty'에서 '_Ty1'(으)로 변환하면서 데이터가 손실될 수 있습니다.
          with
          [
              _Ty=unsigned __int64
          ]
          and
          [
              _Ty1=const int
          ]
C:\Program Files (x86)\Microsoft Visual Studio\2019\Community\VC\Tools\MSVC\14.29.30133\include\xmemory(707): message : 컴파일되는 함수 템플릿 인스턴스화 'std::pair<const int,bool>::pair<unsigned __int64,bool,0>(std::pair<unsigned __int64,bool> &&) noexcept'에 대한 참조를 확인하세요.
C:\Program Files (x86)\Microsoft Visual Studio\2019\Community\VC\Tools\MSVC\14.29.30133\include\xmemory(714): message : 컴파일되는 함수 템플릿 인스턴스화 'std::pair<const int,bool>::pair<unsigned __int64,bool,0>(std::pair<unsigned __int64,bool> &&) noexcept'에 대한 참조를 확인하세요.
C:\Program Files (x86)\Microsoft Visual Studio\2019\Community\VC\Tools\MSVC\14.29.30133\include\xtree(811): message : 컴파일되는 함수 템플릿 인스턴스화 'void std::_Default_allocator_traits<_Alloc>::construct<_Ty,std::pair<unsigned __int64,bool>>(_Alloc &,_Objty *const ,std::pair<unsigned __int64,bool> &&)'에 대한 참조를 확인하세요.
          with
          [
              _Alloc=std::allocator<std::_Tree_node<std::pair<const int,bool>,std::_Default_allocator_traits<std::allocator<std::pair<const int,bool>>>::void_pointer>>,
              _Ty=std::pair<const int,bool>,
              _Objty=std::pair<const int,bool>
          ]
C:\Program Files (x86)\Microsoft Visual Studio\2019\Community\VC\Tools\MSVC\14.29.30133\include\xtree(812): message : 컴파일되는 함수 템플릿 인스턴스화 'void std::_Default_allocator_traits<_Alloc>::construct<_Ty,std::pair<unsigned __int64,bool>>(_Alloc &,_Objty *const ,std::pair<unsigned __int64,bool> &&)'에 대한 참조를 확인하세요.
          with
          [
              _Alloc=std::allocator<std::_Tree_node<std::pair<const int,bool>,std::_Default_allocator_traits<std::allocator<std::pair<const int,bool>>>::void_pointer>>,
              _Ty=std::pair<const int,bool>,
              _Objty=std::pair<const int,bool>
          ]
C:\Program Files (x86)\Microsoft Visual Studio\2019\Community\VC\Tools\MSVC\14.29.30133\include\xtree(1007): message : 컴파일되는 함수 템플릿 인스턴스화 'std::_Tree_temp_node<std::allocator<std::_Tree_node<std::pair<const int,bool>,std::_Default_allocator_traits<_Alloc>::void_pointer>>>::_Tree_temp_node<_Ty>(_Alnode &,std::_Tree_node<std::pair<const int,bool>,std::_Default_allocator_traits<_Alloc>::void_pointer> *,_Ty &&)'에 대한 참조를 확인하세요.
          with
          [
              _Alloc=std::allocator<std::pair<const int,bool>>,
              _Ty=std::pair<unsigned __int64,bool>,
              _Alnode=std::allocator<std::_Tree_node<std::pair<const int,bool>,std::_Default_allocator_traits<std::allocator<std::pair<const int,bool>>>::void_pointer>>
          ]
C:\Program Files (x86)\Microsoft Visual Studio\2019\Community\VC\Tools\MSVC\14.29.30133\include\xtree(1023): message : 컴파일되는 함수 템플릿 인스턴스화 'std::_Tree_temp_node<std::allocator<std::_Tree_node<std::pair<const int,bool>,std::_Default_allocator_traits<_Alloc>::void_pointer>>>::_Tree_temp_node<_Ty>(_Alnode &,std::_Tree_node<std::pair<const int,bool>,std::_Default_allocator_traits<_Alloc>::void_pointer> *,_Ty &&)'에 대한 참조를 확인하세요.
          with
          [
              _Alloc=std::allocator<std::pair<const int,bool>>,
              _Ty=std::pair<unsigned __int64,bool>,
              _Alnode=std::allocator<std::_Tree_node<std::pair<const int,bool>,std::_Default_allocator_traits<std::allocator<std::pair<const int,bool>>>::void_pointer>>
          ]
C:\Program Files (x86)\Microsoft Visual Studio\2019\Community\VC\Tools\MSVC\14.29.30133\include\xtree(1044): message : 컴파일되는 함수 템플릿 인스턴스화 'std::pair<std::_Tree_node<std::pair<const int,bool>,std::_Default_allocator_traits<_Alloc>::void_pointer> *,bool> std::_Tree<std::_Tmap_traits<_Kty,_Ty,_Pr,_Alloc,false>>::_Emplace<std::pair<unsigned __int64,bool>>(std::pair<unsigned __int64,bool> &&)'에 대한 참조를 확인하세요.
          with
          [
              _Alloc=std::allocator<std::pair<const int,bool>>,
              _Kty=int,
              _Ty=bool,
              _Pr=std::less<int>
          ]
C:\Program Files (x86)\Microsoft Visual Studio\2019\Community\VC\Tools\MSVC\14.29.30133\include\xtree(1045): message : 컴파일되는 함수 템플릿 인스턴스화 'std::pair<std::_Tree_node<std::pair<const int,bool>,std::_Default_allocator_traits<_Alloc>::void_pointer> *,bool> std::_Tree<std::_Tmap_traits<_Kty,_Ty,_Pr,_Alloc,false>>::_Emplace<std::pair<unsigned __int64,bool>>(std::pair<unsigned __int64,bool> &&)'에 대한 참조를 확인하세요.
          with
          [
              _Alloc=std::allocator<std::pair<const int,bool>>,
              _Kty=int,
              _Ty=bool,
              _Pr=std::less<int>
          ]
C:\Program Files (x86)\Microsoft Visual Studio\2019\Community\VC\Tools\MSVC\14.29.30133\include\map(165): message : 컴파일되는 함수 템플릿 인스턴스화 'std::pair<std::_Tree_iterator<std::_Tree_val<std::_Tree_simple_types<std::pair<const int,bool>>>>,bool> std::_Tree<std::_Tmap_traits<_Kty,_Ty,_Pr,_Alloc,false>>::emplace<std::pair<unsigned __int64,bool>>(std::pair<unsigned __int64,bool> &&)'에 대한 참조를 확인하세요.
          with
          [
              _Kty=int,
              _Ty=bool,
              _Pr=std::less<int>,
              _Alloc=std::allocator<std::pair<const int,bool>>
          ]
C:\Program Files (x86)\Microsoft Visual Studio\2019\Community\VC\Tools\MSVC\14.29.30133\include\map(165): message : 컴파일되는 함수 템플릿 인스턴스화 'std::pair<std::_Tree_iterator<std::_Tree_val<std::_Tree_simple_types<std::pair<const int,bool>>>>,bool> std::_Tree<std::_Tmap_traits<_Kty,_Ty,_Pr,_Alloc,false>>::emplace<std::pair<unsigned __int64,bool>>(std::pair<unsigned __int64,bool> &&)'에 대한 참조를 확인하세요.
          with
          [
              _Kty=int,
              _Ty=bool,
              _Pr=std::less<int>,
              _Alloc=std::allocator<std::pair<const int,bool>>
          ]
C:\Users\popo2\Documents\GitHub\CodingTest\Codility01\Codility01.cpp(174): message : 컴파일되는 함수 템플릿 인스턴스화 'std::pair<std::_Tree_iterator<std::_Tree_val<std::_Tree_simple_types<std::pair<const int,bool>>>>,bool> std::map<int,bool,std::less<int>,std::allocator<std::pair<const int,bool>>>::insert<std::pair<unsigned __int64,bool>,0>(_Valty &&)'에 대한 참조를 확인하세요.
          with
          [
              _Valty=std::pair<unsigned __int64,bool>
          ]
C:\Users\popo2\Documents\GitHub\CodingTest\Codility01\Codility01.cpp(174): message : 컴파일되는 함수 템플릿 인스턴스화 'std::pair<std::_Tree_iterator<std::_Tree_val<std::_Tree_simple_types<std::pair<const int,bool>>>>,bool> std::map<int,bool,std::less<int>,std::allocator<std::pair<const int,bool>>>::insert<std::pair<unsigned __int64,bool>,0>(_Valty &&)'에 대한 참조를 확인하세요.
          with
          [
              _Valty=std::pair<unsigned __int64,bool>
          ]
C:\Users\popo2\Documents\GitHub\CodingTest\Codility01\Codility01.cpp(258): warning C4715: 'solu2': 모든 제어 경로에서 값을 반환하지는 않습니다.
C:\Users\popo2\Documents\GitHub\CodingTest\Codility01\Codility01.cpp(292): warning C4715: 'sol3': 모든 제어 경로에서 값을 반환하지는 않습니다.
  Codility01.vcxproj -> C:\Users\popo2\Documents\GitHub\CodingTest\Output\Codility01\Codility01.exe
